\BOOKMARK [1][-]{section*.1}{\376\377\000A\000b\000s\000t\000r\000a\000c\000t}{}% 1
\BOOKMARK [1][-]{section.1}{\376\377\0001\000\040\000I\000n\000t\000r\000o\000d\000u\000c\000t\000i\000o\000n}{}% 2
\BOOKMARK [1][-]{section.2}{\376\377\0002\000\040\000v\000e\000r\000i\000f\000i\000e\000d\000\040\000e\000x\000a\000m\000p\000l\000e\000s\000\040}{}% 3
\BOOKMARK [2][-]{subsection.2.1}{\376\377\0002\000.\0001\000\040\000T\000i\000d\000y}{section.2}% 4
\BOOKMARK [2][-]{subsection.2.2}{\376\377\0002\000.\0002\000\040\000L\000o\000c\000a\000l\000i\000z\000a\000t\000i\000o\000n\000\040\000B\000l\000o\000c\000k\000s}{section.2}% 5
\BOOKMARK [2][-]{subsection.2.3}{\376\377\0002\000.\0003\000\040\000E\000x\000a\000m\000p\000l\000e}{section.2}% 6
\BOOKMARK [1][-]{section.3}{\376\377\0003\000\040\000L\000i\000n\000k\000i\000n\000g\000\040\000E\000x\000i\000s\000t\000e\000n\000t\000i\000a\000l\000s\000\040\000i\000n\000\040\000L\000o\000c\000a\000l\000i\000z\000a\000t\000i\000o\000n\000s}{}% 7
\BOOKMARK [2][-]{subsection.3.1}{\376\377\0003\000.\0001\000\040\000S\000o\000u\000n\000d\000n\000e\000s\000s\000\040\000o\000f\000\040\000L\000o\000c\000a\000l\000i\000z\000e}{section.3}% 8
\BOOKMARK [2][-]{subsection.3.2}{\376\377\0003\000.\0002\000\040\000X\000X\000X\000\040}{section.3}% 9
\BOOKMARK [2][-]{subsection.3.3}{\376\377\0003\000.\0003\000\040\000X\000X\000X\000\040}{section.3}% 10
\BOOKMARK [2][-]{subsection.3.4}{\376\377\0003\000.\0004\000\040\000X}{section.3}% 11
\BOOKMARK [1][-]{section.4}{\376\377\0004\000\040\000A\000\040\000R\000e\000u\000s\000a\000b\000l\000e\000\040\000L\000i\000b\000r\000a\000r\000y\000\040\000o\000f\000\040\000F\000o\000r\000m\000a\000l\000i\000z\000e\000d\000\040\000G\000r\000a\000p\000h\000\040\000T\000h\000e\000o\000r\000y}{}% 12
\BOOKMARK [2][-]{subsection.4.1}{\376\377\0004\000.\0001\000\040\000X\000X\000X}{section.4}% 13
\BOOKMARK [2][-]{subsection.4.1}{\376\377\0004\000.\0001\000\040\000X\000X\000X}{section.4}% 14
\BOOKMARK [2][-]{subsection.4.2}{\376\377\0004\000.\0002\000\040\000X\000X\000X}{section.4}% 15
\BOOKMARK [1][-]{section.5}{\376\377\0005\000\040\000D\000e\000f\000i\000n\000i\000n\000g\000\040\000a\000n\000d\000\040\000r\000e\000a\000s\000o\000n\000i\000n\000g\000\040\000a\000b\000o\000u\000t\000\040\000s\000p\000a\000t\000i\000a\000l\000\040\000g\000r\000a\000p\000h\000s}{}% 16
\BOOKMARK [2][-]{subsection.5.1}{\376\377\0005\000.\0001\000\040\000X\000X\000X}{section.5}% 17
\BOOKMARK [2][-]{subsection.5.2}{\376\377\0005\000.\0002\000\040\000X\000X\000X\000\040}{section.5}% 18
\BOOKMARK [2][-]{subsection.5.3}{\376\377\0005\000.\0003\000\040\000X\000X\000X\000\040}{section.5}% 19
\BOOKMARK [2][-]{subsection.5.4}{\376\377\0005\000.\0004\000\040\000R\000a\000m\000i\000f\000i\000c\000a\000t\000i\000o\000n\000\040\000L\000i\000b\000r\000a\000r\000i\000e\000s}{section.5}% 20
\BOOKMARK [1][-]{section.6}{\376\377\0006\000\040\000C\000e\000r\000t\000i\000f\000y\000i\000n\000g\000\040\000a\000\040\000G\000a\000r\000b\000a\000g\000e\000\040\000C\000o\000l\000l\000e\000c\000t\000o\000r\000\040\000f\000o\000r\000\040\000C\000e\000r\000t\000i\000C\000o\000q}{}% 21
\BOOKMARK [2][-]{subsection.6.1}{\376\377\0006\000.\0001\000\040\000X\000X\000X}{section.6}% 22
\BOOKMARK [2][-]{subsection.6.1}{\376\377\0006\000.\0001\000\040\000X\000X\000X}{section.6}% 23
\BOOKMARK [2][-]{subsection.6.2}{\376\377\0006\000.\0002\000\040\000X\000X\000X}{section.6}% 24
\BOOKMARK [2][-]{subsection.6.3}{\376\377\0006\000.\0003\000\040\000F\000o\000r\000w\000a\000r\000d}{section.6}% 25
\BOOKMARK [2][-]{subsection.6.4}{\376\377\0006\000.\0004\000\040\000X\000X\000X}{section.6}% 26
\BOOKMARK [2][-]{subsection.6.5}{\376\377\0006\000.\0005\000\040\000P\000e\000r\000f\000o\000r\000m\000a\000n\000c\000e\000\040\000a\000n\000d\000\040\000O\000v\000e\000r\000f\000l\000o\000w\000s\000\040\000a\000n\000d\000\040\000U\000n\000d\000e\000f\000i\000n\000e\000d\000\040\000B\000e\000h\000a\000v\000i\000o\000u\000r\000s\000,\000\040\000O\000h\000\040\000M\000y\000!}{section.6}% 27
\BOOKMARK [1][-]{section.7}{\376\377\0007\000\040\000E\000n\000g\000i\000n\000e\000e\000r\000i\000n\000g\000\040\000o\000u\000r\000\040\000T\000e\000c\000h\000n\000i\000q\000u\000e\000s}{}% 28
\BOOKMARK [2][-]{subsection.7.1}{\376\377\0007\000.\0001\000\040\000X\000X\000X}{section.7}% 29
\BOOKMARK [2][-]{subsection.7.2}{\376\377\0007\000.\0002\000\040\000X\000X\000X}{section.7}% 30
\BOOKMARK [2][-]{subsection.7.2}{\376\377\0007\000.\0002\000\040\000X\000X\000X\000\040}{section.7}% 31
\BOOKMARK [2][-]{subsection.7.3}{\376\377\0007\000.\0003\000\040\000X\000X\000X}{section.7}% 32
\BOOKMARK [1][-]{section.8}{\376\377\0008\000\040\000R\000e\000l\000a\000t\000e\000d\000\040\000w\000o\000r\000k}{}% 33
\BOOKMARK [1][-]{section.9}{\376\377\0009\000\040\000F\000u\000t\000u\000r\000e\000\040\000w\000o\000r\000k\000\040\000a\000n\000d\000\040\000c\000o\000n\000c\000l\000u\000s\000i\000o\000n}{}% 34
\BOOKMARK [1][-]{section*.32}{\376\377\000A\000c\000k\000n\000o\000w\000l\000e\000d\000g\000m\000e\000n\000t\000s}{}% 35
\BOOKMARK [1][-]{section.10}{\376\377\0001\0000\000\040\000X\000X\000X}{}% 36
\BOOKMARK [1][-]{section.10}{\376\377\0001\0000\000\040\000X\000X\000X}{}% 37
\BOOKMARK [1][-]{section.10}{\376\377\0001\0000\000\040\000X\000X\000X}{}% 38
\BOOKMARK [1][-]{section.10}{\376\377\0001\0000\000\040\000X\000X\000X}{}% 39
\BOOKMARK [1][-]{section.10}{\376\377\0001\0000\000\040\000X\000X\000X}{}% 40
\BOOKMARK [1][-]{section*.34}{\376\377\000R\000e\000f\000e\000r\000e\000n\000c\000e\000s}{}% 41
